I, [2016-10-06T22:41:40.363132 #6384]  INFO -- default-centos-64: -----> Creating <default-centos-64>...
I, [2016-10-06T22:41:42.659264 #6384]  INFO -- default-centos-64: Bringing machine 'default' up with 'virtualbox' provider...
I, [2016-10-06T22:41:43.408306 #6384]  INFO -- default-centos-64: ==> default: Box 'bento/centos-6.4' could not be found. Attempting to find and install...
I, [2016-10-06T22:41:43.408306 #6384]  INFO -- default-centos-64:     default: Box Provider: virtualbox
I, [2016-10-06T22:41:43.412307 #6384]  INFO -- default-centos-64:     default: Box Version: >= 0
I, [2016-10-06T22:41:46.261470 #6384]  INFO -- default-centos-64: The box 'bento/centos-6.4' could not be found or
I, [2016-10-06T22:41:46.261470 #6384]  INFO -- default-centos-64: could not be accessed in the remote catalog. If this is a private
I, [2016-10-06T22:41:46.261470 #6384]  INFO -- default-centos-64: box on HashiCorp's Atlas, please verify you're logged in via
I, [2016-10-06T22:41:46.261470 #6384]  INFO -- default-centos-64: `vagrant login`. Also, please double-check the name. The expanded
I, [2016-10-06T22:41:46.262470 #6384]  INFO -- default-centos-64: URL and error message are shown below:
I, [2016-10-06T22:41:46.262470 #6384]  INFO -- default-centos-64: 
I, [2016-10-06T22:41:46.262470 #6384]  INFO -- default-centos-64: URL: ["https://atlas.hashicorp.com/bento/centos-6.4"]
I, [2016-10-06T22:41:46.262470 #6384]  INFO -- default-centos-64: Error: The requested URL returned error: 404 Not Found
E, [2016-10-06T22:41:46.314473 #6384] ERROR -- default-centos-64: Create failed on instance <default-centos-64>.
E, [2016-10-06T22:41:46.314473 #6384] ERROR -- default-centos-64: ------Exception-------
E, [2016-10-06T22:41:46.314473 #6384] ERROR -- default-centos-64: Class: Kitchen::ShellOut::ShellCommandFailed
E, [2016-10-06T22:41:46.314473 #6384] ERROR -- default-centos-64: Message: Expected process to exit with [0], but received '1'
---- Begin output of vagrant up --no-provision --provider virtualbox ----
STDOUT: Bringing machine 'default' up with 'virtualbox' provider...
==> default: Box 'bento/centos-6.4' could not be found. Attempting to find and install...
    default: Box Provider: virtualbox
    default: Box Version: >= 0
STDERR: The box 'bento/centos-6.4' could not be found or
could not be accessed in the remote catalog. If this is a private
box on HashiCorp's Atlas, please verify you're logged in via
`vagrant login`. Also, please double-check the name. The expanded
URL and error message are shown below:

URL: ["https://atlas.hashicorp.com/bento/centos-6.4"]
Error: The requested URL returned error: 404 Not Found
---- End output of vagrant up --no-provision --provider virtualbox ----
Ran vagrant up --no-provision --provider virtualbox returned 1
E, [2016-10-06T22:41:46.315473 #6384] ERROR -- default-centos-64: ----------------------
E, [2016-10-06T22:41:46.315473 #6384] ERROR -- default-centos-64: ------Backtrace-------
E, [2016-10-06T22:41:46.315473 #6384] ERROR -- default-centos-64: C:/opscode/chefdk/embedded/lib/ruby/gems/2.3.0/gems/test-kitchen-1.13.2/lib/kitchen/shell_out.rb:73:in `rescue in run_command'
E, [2016-10-06T22:41:46.315473 #6384] ERROR -- default-centos-64: C:/opscode/chefdk/embedded/lib/ruby/gems/2.3.0/gems/test-kitchen-1.13.2/lib/kitchen/shell_out.rb:61:in `run_command'
E, [2016-10-06T22:41:46.315473 #6384] ERROR -- default-centos-64: C:/opscode/chefdk/embedded/lib/ruby/gems/2.3.0/gems/kitchen-vagrant-0.20.0/lib/kitchen/driver/vagrant.rb:343:in `run_command'
E, [2016-10-06T22:41:46.315473 #6384] ERROR -- default-centos-64: C:/opscode/chefdk/embedded/lib/ruby/gems/2.3.0/gems/kitchen-vagrant-0.20.0/lib/kitchen/driver/vagrant.rb:302:in `run'
E, [2016-10-06T22:41:46.315473 #6384] ERROR -- default-centos-64: C:/opscode/chefdk/embedded/lib/ruby/gems/2.3.0/gems/kitchen-vagrant-0.20.0/lib/kitchen/driver/vagrant.rb:373:in `run_vagrant_up'
E, [2016-10-06T22:41:46.315473 #6384] ERROR -- default-centos-64: C:/opscode/chefdk/embedded/lib/ruby/gems/2.3.0/gems/kitchen-vagrant-0.20.0/lib/kitchen/driver/vagrant.rb:96:in `create'
E, [2016-10-06T22:41:46.315473 #6384] ERROR -- default-centos-64: C:/opscode/chefdk/embedded/lib/ruby/gems/2.3.0/gems/test-kitchen-1.13.2/lib/kitchen/instance.rb:456:in `public_send'
E, [2016-10-06T22:41:46.315473 #6384] ERROR -- default-centos-64: C:/opscode/chefdk/embedded/lib/ruby/gems/2.3.0/gems/test-kitchen-1.13.2/lib/kitchen/instance.rb:456:in `block in perform_action'
E, [2016-10-06T22:41:46.315473 #6384] ERROR -- default-centos-64: C:/opscode/chefdk/embedded/lib/ruby/gems/2.3.0/gems/test-kitchen-1.13.2/lib/kitchen/instance.rb:517:in `block in synchronize_or_call'
E, [2016-10-06T22:41:46.315473 #6384] ERROR -- default-centos-64: C:/opscode/chefdk/embedded/lib/ruby/gems/2.3.0/gems/test-kitchen-1.13.2/lib/kitchen/instance.rb:515:in `synchronize'
E, [2016-10-06T22:41:46.315473 #6384] ERROR -- default-centos-64: C:/opscode/chefdk/embedded/lib/ruby/gems/2.3.0/gems/test-kitchen-1.13.2/lib/kitchen/instance.rb:515:in `synchronize_or_call'
E, [2016-10-06T22:41:46.316473 #6384] ERROR -- default-centos-64: C:/opscode/chefdk/embedded/lib/ruby/gems/2.3.0/gems/test-kitchen-1.13.2/lib/kitchen/instance.rb:485:in `block in action'
E, [2016-10-06T22:41:46.316473 #6384] ERROR -- default-centos-64: C:/opscode/chefdk/embedded/lib/ruby/2.3.0/benchmark.rb:293:in `measure'
E, [2016-10-06T22:41:46.316473 #6384] ERROR -- default-centos-64: C:/opscode/chefdk/embedded/lib/ruby/gems/2.3.0/gems/test-kitchen-1.13.2/lib/kitchen/instance.rb:484:in `action'
E, [2016-10-06T22:41:46.316473 #6384] ERROR -- default-centos-64: C:/opscode/chefdk/embedded/lib/ruby/gems/2.3.0/gems/test-kitchen-1.13.2/lib/kitchen/instance.rb:456:in `perform_action'
E, [2016-10-06T22:41:46.316473 #6384] ERROR -- default-centos-64: C:/opscode/chefdk/embedded/lib/ruby/gems/2.3.0/gems/test-kitchen-1.13.2/lib/kitchen/instance.rb:366:in `create_action'
E, [2016-10-06T22:41:46.316473 #6384] ERROR -- default-centos-64: C:/opscode/chefdk/embedded/lib/ruby/gems/2.3.0/gems/test-kitchen-1.13.2/lib/kitchen/instance.rb:355:in `block in transition_to'
E, [2016-10-06T22:41:46.316473 #6384] ERROR -- default-centos-64: C:/opscode/chefdk/embedded/lib/ruby/gems/2.3.0/gems/test-kitchen-1.13.2/lib/kitchen/instance.rb:354:in `each'
E, [2016-10-06T22:41:46.316473 #6384] ERROR -- default-centos-64: C:/opscode/chefdk/embedded/lib/ruby/gems/2.3.0/gems/test-kitchen-1.13.2/lib/kitchen/instance.rb:354:in `transition_to'
E, [2016-10-06T22:41:46.316473 #6384] ERROR -- default-centos-64: C:/opscode/chefdk/embedded/lib/ruby/gems/2.3.0/gems/test-kitchen-1.13.2/lib/kitchen/instance.rb:160:in `verify'
E, [2016-10-06T22:41:46.316473 #6384] ERROR -- default-centos-64: C:/opscode/chefdk/embedded/lib/ruby/gems/2.3.0/gems/test-kitchen-1.13.2/lib/kitchen/command.rb:201:in `public_send'
E, [2016-10-06T22:41:46.316473 #6384] ERROR -- default-centos-64: C:/opscode/chefdk/embedded/lib/ruby/gems/2.3.0/gems/test-kitchen-1.13.2/lib/kitchen/command.rb:201:in `run_action_in_thread'
E, [2016-10-06T22:41:46.316473 #6384] ERROR -- default-centos-64: C:/opscode/chefdk/embedded/lib/ruby/gems/2.3.0/gems/test-kitchen-1.13.2/lib/kitchen/command.rb:173:in `block (2 levels) in run_action'
E, [2016-10-06T22:41:46.316473 #6384] ERROR -- default-centos-64: ----End Backtrace-----
E, [2016-10-06T22:41:46.316473 #6384] ERROR -- default-centos-64: ---Nested Exception---
E, [2016-10-06T22:41:46.317473 #6384] ERROR -- default-centos-64: Class: Mixlib::ShellOut::ShellCommandFailed
E, [2016-10-06T22:41:46.317473 #6384] ERROR -- default-centos-64: Message: Expected process to exit with [0], but received '1'
---- Begin output of vagrant up --no-provision --provider virtualbox ----
STDOUT: Bringing machine 'default' up with 'virtualbox' provider...
==> default: Box 'bento/centos-6.4' could not be found. Attempting to find and install...
    default: Box Provider: virtualbox
    default: Box Version: >= 0
STDERR: The box 'bento/centos-6.4' could not be found or
could not be accessed in the remote catalog. If this is a private
box on HashiCorp's Atlas, please verify you're logged in via
`vagrant login`. Also, please double-check the name. The expanded
URL and error message are shown below:

URL: ["https://atlas.hashicorp.com/bento/centos-6.4"]
Error: The requested URL returned error: 404 Not Found
---- End output of vagrant up --no-provision --provider virtualbox ----
Ran vagrant up --no-provision --provider virtualbox returned 1
E, [2016-10-06T22:41:46.317473 #6384] ERROR -- default-centos-64: ----------------------
E, [2016-10-06T22:41:46.317473 #6384] ERROR -- default-centos-64: ------Backtrace-------
E, [2016-10-06T22:41:46.317473 #6384] ERROR -- default-centos-64: C:/opscode/chefdk/embedded/lib/ruby/gems/2.3.0/gems/test-kitchen-1.13.2/lib/kitchen/shell_out.rb:73:in `rescue in run_command'
E, [2016-10-06T22:41:46.317473 #6384] ERROR -- default-centos-64: C:/opscode/chefdk/embedded/lib/ruby/gems/2.3.0/gems/test-kitchen-1.13.2/lib/kitchen/shell_out.rb:61:in `run_command'
E, [2016-10-06T22:41:46.317473 #6384] ERROR -- default-centos-64: C:/opscode/chefdk/embedded/lib/ruby/gems/2.3.0/gems/kitchen-vagrant-0.20.0/lib/kitchen/driver/vagrant.rb:343:in `run_command'
E, [2016-10-06T22:41:46.317473 #6384] ERROR -- default-centos-64: C:/opscode/chefdk/embedded/lib/ruby/gems/2.3.0/gems/kitchen-vagrant-0.20.0/lib/kitchen/driver/vagrant.rb:302:in `run'
E, [2016-10-06T22:41:46.317473 #6384] ERROR -- default-centos-64: C:/opscode/chefdk/embedded/lib/ruby/gems/2.3.0/gems/kitchen-vagrant-0.20.0/lib/kitchen/driver/vagrant.rb:373:in `run_vagrant_up'
E, [2016-10-06T22:41:46.317473 #6384] ERROR -- default-centos-64: C:/opscode/chefdk/embedded/lib/ruby/gems/2.3.0/gems/kitchen-vagrant-0.20.0/lib/kitchen/driver/vagrant.rb:96:in `create'
E, [2016-10-06T22:41:46.317473 #6384] ERROR -- default-centos-64: C:/opscode/chefdk/embedded/lib/ruby/gems/2.3.0/gems/test-kitchen-1.13.2/lib/kitchen/instance.rb:456:in `public_send'
E, [2016-10-06T22:41:46.317473 #6384] ERROR -- default-centos-64: C:/opscode/chefdk/embedded/lib/ruby/gems/2.3.0/gems/test-kitchen-1.13.2/lib/kitchen/instance.rb:456:in `block in perform_action'
E, [2016-10-06T22:41:46.317473 #6384] ERROR -- default-centos-64: C:/opscode/chefdk/embedded/lib/ruby/gems/2.3.0/gems/test-kitchen-1.13.2/lib/kitchen/instance.rb:517:in `block in synchronize_or_call'
E, [2016-10-06T22:41:46.317473 #6384] ERROR -- default-centos-64: C:/opscode/chefdk/embedded/lib/ruby/gems/2.3.0/gems/test-kitchen-1.13.2/lib/kitchen/instance.rb:515:in `synchronize'
E, [2016-10-06T22:41:46.318473 #6384] ERROR -- default-centos-64: C:/opscode/chefdk/embedded/lib/ruby/gems/2.3.0/gems/test-kitchen-1.13.2/lib/kitchen/instance.rb:515:in `synchronize_or_call'
E, [2016-10-06T22:41:46.318473 #6384] ERROR -- default-centos-64: C:/opscode/chefdk/embedded/lib/ruby/gems/2.3.0/gems/test-kitchen-1.13.2/lib/kitchen/instance.rb:485:in `block in action'
E, [2016-10-06T22:41:46.318473 #6384] ERROR -- default-centos-64: C:/opscode/chefdk/embedded/lib/ruby/2.3.0/benchmark.rb:293:in `measure'
E, [2016-10-06T22:41:46.318473 #6384] ERROR -- default-centos-64: C:/opscode/chefdk/embedded/lib/ruby/gems/2.3.0/gems/test-kitchen-1.13.2/lib/kitchen/instance.rb:484:in `action'
E, [2016-10-06T22:41:46.318473 #6384] ERROR -- default-centos-64: C:/opscode/chefdk/embedded/lib/ruby/gems/2.3.0/gems/test-kitchen-1.13.2/lib/kitchen/instance.rb:456:in `perform_action'
E, [2016-10-06T22:41:46.318473 #6384] ERROR -- default-centos-64: C:/opscode/chefdk/embedded/lib/ruby/gems/2.3.0/gems/test-kitchen-1.13.2/lib/kitchen/instance.rb:366:in `create_action'
E, [2016-10-06T22:41:46.318473 #6384] ERROR -- default-centos-64: C:/opscode/chefdk/embedded/lib/ruby/gems/2.3.0/gems/test-kitchen-1.13.2/lib/kitchen/instance.rb:355:in `block in transition_to'
E, [2016-10-06T22:41:46.318473 #6384] ERROR -- default-centos-64: C:/opscode/chefdk/embedded/lib/ruby/gems/2.3.0/gems/test-kitchen-1.13.2/lib/kitchen/instance.rb:354:in `each'
E, [2016-10-06T22:41:46.318473 #6384] ERROR -- default-centos-64: C:/opscode/chefdk/embedded/lib/ruby/gems/2.3.0/gems/test-kitchen-1.13.2/lib/kitchen/instance.rb:354:in `transition_to'
E, [2016-10-06T22:41:46.318473 #6384] ERROR -- default-centos-64: C:/opscode/chefdk/embedded/lib/ruby/gems/2.3.0/gems/test-kitchen-1.13.2/lib/kitchen/instance.rb:160:in `verify'
E, [2016-10-06T22:41:46.318473 #6384] ERROR -- default-centos-64: C:/opscode/chefdk/embedded/lib/ruby/gems/2.3.0/gems/test-kitchen-1.13.2/lib/kitchen/command.rb:201:in `public_send'
E, [2016-10-06T22:41:46.318473 #6384] ERROR -- default-centos-64: C:/opscode/chefdk/embedded/lib/ruby/gems/2.3.0/gems/test-kitchen-1.13.2/lib/kitchen/command.rb:201:in `run_action_in_thread'
E, [2016-10-06T22:41:46.319473 #6384] ERROR -- default-centos-64: C:/opscode/chefdk/embedded/lib/ruby/gems/2.3.0/gems/test-kitchen-1.13.2/lib/kitchen/command.rb:173:in `block (2 levels) in run_action'
E, [2016-10-06T22:41:46.319473 #6384] ERROR -- default-centos-64: ----End Backtrace-----
